<?xml version="1.0" encoding="UTF-8"?>
<!-- Generated by org.testng.reporters.JUnitXMLReporter -->
<testsuite hostname="Dell-PC" ignored="0" name="courses page title validation" tests="1" failures="1" timestamp="2020-11-21T16:58:17 IST" time="15.736" errors="0">
  <testcase name="validatetitlemethod" time="9.013" classname="Academypackage.ValidateTitle">
    <failure type="java.lang.AssertionError" message="expected [Courses122] but found [Courses]">
      <![CDATA[java.lang.AssertionError: expected [Courses122] but found [Courses]
at Academypackage.ValidateTitle.validatetitlemethod(ValidateTitle.java:40)
at java.util.ArrayList.forEach(Unknown Source)
at java.util.concurrent.FutureTask.run(Unknown Source)
at java.util.concurrent.ThreadPoolExecutor.runWorker(Unknown Source)
at java.util.concurrent.ThreadPoolExecutor$Worker.run(Unknown Source)
at java.lang.Thread.run(Unknown Source)
... Removed 24 stack frames]]>
    </failure>
  </testcase> <!-- validatetitlemethod -->
</testsuite> <!-- courses page title validation -->
