<?xml version="1.0" encoding="UTF-8"?>
<!-- Generated by org.testng.reporters.JUnitXMLReporter -->
<testsuite hostname="Dell-PC" ignored="0" name="courses page title validation" tests="1" failures="1" timestamp="2020-11-21T21:43:06 IST" time="44.018" errors="0">
  <testcase name="validatetitlemethod" time="9.614" classname="Academypackage.ValidateTitle">
    <failure type="java.lang.AssertionError" message="expected [Courses122] but found [Courses]">
      <![CDATA[java.lang.AssertionError: expected [Courses122] but found [Courses]
at Academypackage.ValidateTitle.validatetitlemethod(ValidateTitle.java:40)
at java.util.ArrayList.forEach(ArrayList.java:1257)
at java.util.concurrent.FutureTask.run(FutureTask.java:266)
at java.util.concurrent.ThreadPoolExecutor.runWorker(ThreadPoolExecutor.java:1149)
at java.util.concurrent.ThreadPoolExecutor$Worker.run(ThreadPoolExecutor.java:624)
at java.lang.Thread.run(Thread.java:748)
... Removed 24 stack frames]]>
    </failure>
  </testcase> <!-- validatetitlemethod -->
</testsuite> <!-- courses page title validation -->
