<?xml version="1.0" encoding="UTF-8"?>
<testng-results skipped="0" failed="1" ignored="0" total="2" passed="1">
  <reporter-output>
  </reporter-output>
  <suite name="Suite" duration-ms="44018" started-at="2020-11-21T21:42:22 IST" finished-at="2020-11-21T21:43:06 IST">
    <groups>
    </groups>
    <test name="homepage validations" duration-ms="40842" started-at="2020-11-21T21:42:22 IST" finished-at="2020-11-21T21:43:03 IST">
      <class name="Academypackage.Homepage">
        <test-method status="PASS" signature="initialize()[pri:0, instance:Academypackage.Homepage@183ec003]" name="initialize" is-config="true" duration-ms="7307" started-at="2020-11-21T21:42:22 IST" finished-at="2020-11-21T21:42:29 IST">
          <reporter-output>
          </reporter-output>
        </test-method> <!-- initialize -->
        <test-method status="PASS" signature="HomePageNavigation()[pri:0, instance:Academypackage.Homepage@183ec003]" name="HomePageNavigation" duration-ms="33360" started-at="2020-11-21T21:42:29 IST" finished-at="2020-11-21T21:43:02 IST">
          <reporter-output>
          </reporter-output>
        </test-method> <!-- HomePageNavigation -->
        <test-method status="PASS" signature="teardown()[pri:0, instance:Academypackage.Homepage@183ec003]" name="teardown" is-config="true" duration-ms="131" started-at="2020-11-21T21:43:02 IST" finished-at="2020-11-21T21:43:03 IST">
          <reporter-output>
          </reporter-output>
        </test-method> <!-- teardown -->
      </class> <!-- Academypackage.Homepage -->
    </test> <!-- homepage validations -->
    <test name="courses page title validation" duration-ms="44018" started-at="2020-11-21T21:42:22 IST" finished-at="2020-11-21T21:43:06 IST">
      <class name="Academypackage.ValidateTitle">
        <test-method status="PASS" signature="initialize()[pri:0, instance:Academypackage.ValidateTitle@2a693f59]" name="initialize" is-config="true" duration-ms="7298" started-at="2020-11-21T21:42:22 IST" finished-at="2020-11-21T21:42:29 IST">
          <reporter-output>
          </reporter-output>
        </test-method> <!-- initialize -->
        <test-method status="FAIL" signature="validatetitlemethod()[pri:0, instance:Academypackage.ValidateTitle@2a693f59]" name="validatetitlemethod" duration-ms="9614" started-at="2020-11-21T21:42:29 IST" finished-at="2020-11-21T21:42:39 IST">
          <exception class="java.lang.AssertionError">
            <message>
              <![CDATA[expected [Courses122] but found [Courses]]]>
            </message>
            <full-stacktrace>
              <![CDATA[java.lang.AssertionError: expected [Courses122] but found [Courses]
at org.testng.Assert.fail(Assert.java:99)
at org.testng.Assert.failNotEquals(Assert.java:1037)
at org.testng.Assert.assertEqualsImpl(Assert.java:140)
at org.testng.Assert.assertEquals(Assert.java:122)
at org.testng.Assert.assertEquals(Assert.java:629)
at org.testng.Assert.assertEquals(Assert.java:639)
at Academypackage.ValidateTitle.validatetitlemethod(ValidateTitle.java:40)
at sun.reflect.NativeMethodAccessorImpl.invoke0(Native Method)
at sun.reflect.NativeMethodAccessorImpl.invoke(NativeMethodAccessorImpl.java:62)
at sun.reflect.DelegatingMethodAccessorImpl.invoke(DelegatingMethodAccessorImpl.java:43)
at java.lang.reflect.Method.invoke(Method.java:498)
at org.testng.internal.MethodInvocationHelper.invokeMethod(MethodInvocationHelper.java:132)
at org.testng.internal.TestInvoker.invokeMethod(TestInvoker.java:599)
at org.testng.internal.TestInvoker.invokeTestMethod(TestInvoker.java:174)
at org.testng.internal.MethodRunner.runInSequence(MethodRunner.java:46)
at org.testng.internal.TestInvoker$MethodInvocationAgent.invoke(TestInvoker.java:822)
at org.testng.internal.TestInvoker.invokeTestMethods(TestInvoker.java:147)
at org.testng.internal.TestMethodWorker.invokeTestMethods(TestMethodWorker.java:146)
at org.testng.internal.TestMethodWorker.run(TestMethodWorker.java:128)
at java.util.ArrayList.forEach(ArrayList.java:1257)
at org.testng.TestRunner.privateRun(TestRunner.java:764)
at org.testng.TestRunner.run(TestRunner.java:585)
at org.testng.SuiteRunner.runTest(SuiteRunner.java:384)
at org.testng.SuiteRunner.access$000(SuiteRunner.java:28)
at org.testng.SuiteRunner$SuiteWorker.run(SuiteRunner.java:425)
at org.testng.internal.thread.ThreadUtil.lambda$execute$0(ThreadUtil.java:66)
at java.util.concurrent.FutureTask.run(FutureTask.java:266)
at java.util.concurrent.ThreadPoolExecutor.runWorker(ThreadPoolExecutor.java:1149)
at java.util.concurrent.ThreadPoolExecutor$Worker.run(ThreadPoolExecutor.java:624)
at java.lang.Thread.run(Thread.java:748)
]]>
            </full-stacktrace>
          </exception> <!-- java.lang.AssertionError -->
          <reporter-output>
          </reporter-output>
        </test-method> <!-- validatetitlemethod -->
        <test-method status="PASS" signature="teardown()[pri:0, instance:Academypackage.ValidateTitle@2a693f59]" name="teardown" is-config="true" duration-ms="61" started-at="2020-11-21T21:43:06 IST" finished-at="2020-11-21T21:43:06 IST">
          <reporter-output>
          </reporter-output>
        </test-method> <!-- teardown -->
      </class> <!-- Academypackage.ValidateTitle -->
    </test> <!-- courses page title validation -->
  </suite> <!-- Suite -->
</testng-results>
